# JRE version: OpenJDK Runtime Environment (8.0_292-b10) (build 1.8.0_292-8u292-b10-0ubuntu1~16.04.1-b10)
# Java VM: OpenJDK 64-Bit Server VM (25.292-b10 mixed mode linux-amd64 compressed oops)
Heap:
 PSYoungGen      total 624128K, used 8907K [0x0000000782000000, 0x00000007a8e00000, 0x00000007c0000000)
  eden space 611328K, 0% used [0x0000000782000000,0x0000000782000000,0x00000007a7500000)
  from space 12800K, 69% used [0x00000007a7500000,0x00000007a7db2e08,0x00000007a8180000)
  to   space 12800K, 0% used [0x00000007a8180000,0x00000007a8180000,0x00000007a8e00000)
 ParOldGen       total 126976K, used 10545K [0x0000000706000000, 0x000000070dc00000, 0x0000000782000000)
  object space 126976K, 8% used [0x0000000706000000,0x0000000706a4c640,0x000000070dc00000)
 Metaspace       used 8971K, capacity 9176K, committed 9344K, reserved 1056768K
  class space    used 1011K, capacity 1110K, committed 1152K, reserved 1048576K
GC Heap History (10 events):
Event: 32,375 GC heap after
Heap after GC invocations=6 (full 0):
 PSYoungGen      total 202240K, used 11243K [0x0000000782000000, 0x000000078f500000, 0x00000007c0000000)
  eden space 190976K, 0% used [0x0000000782000000,0x0000000782000000,0x000000078da80000)
  from space 11264K, 99% used [0x000000078e700000,0x000000078f1faee8,0x000000078f200000)
  to   space 12800K, 0% used [0x000000078da80000,0x000000078da80000,0x000000078e700000)
 ParOldGen       total 126976K, used 5413K [0x0000000706000000, 0x000000070dc00000, 0x0000000782000000)
  object space 126976K, 4% used [0x0000000706000000,0x00000007065496a0,0x000000070dc00000)
 Metaspace       used 8889K, capacity 9062K, committed 9344K, reserved 1056768K
  class space    used 1002K, capacity 1075K, committed 1152K, reserved 1048576K
}
Event: 53,178 GC heap before
{Heap before GC invocations=7 (full 0):
 PSYoungGen      total 202240K, used 201272K [0x0000000782000000, 0x000000078f500000, 0x00000007c0000000)
  eden space 190976K, 99% used [0x0000000782000000,0x000000078d993470,0x000000078da80000)
  from space 11264K, 99% used [0x000000078e700000,0x000000078f1faee8,0x000000078f200000)
  to   space 12800K, 0% used [0x000000078da80000,0x000000078da80000,0x000000078e700000)
 ParOldGen       total 126976K, used 5413K [0x0000000706000000, 0x000000070dc00000, 0x0000000782000000)
  object space 126976K, 4% used [0x0000000706000000,0x00000007065496a0,0x000000070dc00000)
 Metaspace       used 8896K, capacity 9062K, committed 9344K, reserved 1056768K
  class space    used 1002K, capacity 1075K, committed 1152K, reserved 1048576K
Event: 53,189 GC heap after
Heap after GC invocations=7 (full 0):
 PSYoungGen      total 203776K, used 5112K [0x0000000782000000, 0x000000079ae00000, 0x00000007c0000000)
  eden space 190976K, 0% used [0x0000000782000000,0x0000000782000000,0x000000078da80000)
  from space 12800K, 39% used [0x000000078da80000,0x000000078df7e290,0x000000078e700000)
  to   space 12800K, 0% used [0x000000079a180000,0x000000079a180000,0x000000079ae00000)
 ParOldGen       total 126976K, used 10185K [0x0000000706000000, 0x000000070dc00000, 0x0000000782000000)
  object space 126976K, 8% used [0x0000000706000000,0x00000007069f2640,0x000000070dc00000)
 Metaspace       used 8896K, capacity 9062K, committed 9344K, reserved 1056768K
  class space    used 1002K, capacity 1075K, committed 1152K, reserved 1048576K
}
Event: 53,445 GC heap before
{Heap before GC invocations=8 (full 0):
 PSYoungGen      total 203776K, used 196088K [0x0000000782000000, 0x000000079ae00000, 0x00000007c0000000)
  eden space 190976K, 100% used [0x0000000782000000,0x000000078da80000,0x000000078da80000)
  from space 12800K, 39% used [0x000000078da80000,0x000000078df7e290,0x000000078e700000)
  to   space 12800K, 0% used [0x000000079a180000,0x000000079a180000,0x000000079ae00000)
 ParOldGen       total 126976K, used 10185K [0x0000000706000000, 0x000000070dc00000, 0x0000000782000000)
  object space 126976K, 8% used [0x0000000706000000,0x00000007069f2640,0x000000070dc00000)
 Metaspace       used 8896K, capacity 9062K, committed 9344K, reserved 1056768K
  class space    used 1002K, capacity 1075K, committed 1152K, reserved 1048576K
Event: 53,478 GC heap after
Heap after GC invocations=8 (full 0):
 PSYoungGen      total 394752K, used 6957K [0x0000000782000000, 0x000000079ae00000, 0x00000007c0000000)
  eden space 381952K, 0% used [0x0000000782000000,0x0000000782000000,0x0000000799500000)
  from space 12800K, 54% used [0x000000079a180000,0x000000079a84b680,0x000000079ae00000)
  to   space 12800K, 0% used [0x0000000799500000,0x0000000799500000,0x000000079a180000)
 ParOldGen       total 126976K, used 10225K [0x0000000706000000, 0x000000070dc00000, 0x0000000782000000)
  object space 126976K, 8% used [0x0000000706000000,0x00000007069fc640,0x000000070dc00000)
 Metaspace       used 8896K, capacity 9062K, committed 9344K, reserved 1056768K
  class space    used 1002K, capacity 1075K, committed 1152K, reserved 1048576K
}
Event: 93,331 GC heap before
{Heap before GC invocations=9 (full 0):
 PSYoungGen      total 394752K, used 388909K [0x0000000782000000, 0x000000079ae00000, 0x00000007c0000000)
  eden space 381952K, 100% used [0x0000000782000000,0x0000000799500000,0x0000000799500000)
  from space 12800K, 54% used [0x000000079a180000,0x000000079a84b680,0x000000079ae00000)
  to   space 12800K, 0% used [0x0000000799500000,0x0000000799500000,0x000000079a180000)
 ParOldGen       total 126976K, used 10225K [0x0000000706000000, 0x000000070dc00000, 0x0000000782000000)
  object space 126976K, 8% used [0x0000000706000000,0x00000007069fc640,0x000000070dc00000)
 Metaspace       used 8933K, capacity 9126K, committed 9344K, reserved 1056768K
  class space    used 1006K, capacity 1075K, committed 1152K, reserved 1048576K
Event: 93,373 GC heap after
Heap after GC invocations=9 (full 0):
 PSYoungGen      total 394752K, used 9637K [0x0000000782000000, 0x00000007a8e00000, 0x00000007c0000000)
  eden space 381952K, 0% used [0x0000000782000000,0x0000000782000000,0x0000000799500000)
  from space 12800K, 75% used [0x0000000799500000,0x0000000799e694d0,0x000000079a180000)
  to   space 12800K, 0% used [0x00000007a8180000,0x00000007a8180000,0x00000007a8e00000)
 ParOldGen       total 126976K, used 10481K [0x0000000706000000, 0x000000070dc00000, 0x0000000782000000)
  object space 126976K, 8% used [0x0000000706000000,0x0000000706a3c640,0x000000070dc00000)
 Metaspace       used 8933K, capacity 9126K, committed 9344K, reserved 1056768K
  class space    used 1006K, capacity 1075K, committed 1152K, reserved 1048576K
}
Event: 114,010 GC heap before
{Heap before GC invocations=10 (full 0):
 PSYoungGen      total 394752K, used 391589K [0x0000000782000000, 0x00000007a8e00000, 0x00000007c0000000)
  eden space 381952K, 100% used [0x0000000782000000,0x0000000799500000,0x0000000799500000)
  from space 12800K, 75% used [0x0000000799500000,0x0000000799e694d0,0x000000079a180000)
  to   space 12800K, 0% used [0x00000007a8180000,0x00000007a8180000,0x00000007a8e00000)
 ParOldGen       total 126976K, used 10481K [0x0000000706000000, 0x000000070dc00000, 0x0000000782000000)
  object space 126976K, 8% used [0x0000000706000000,0x0000000706a3c640,0x000000070dc00000)
 Metaspace       used 8942K, capacity 9126K, committed 9344K, reserved 1056768K
  class space    used 1006K, capacity 1075K, committed 1152K, reserved 1048576K
Event: 114,022 GC heap after
Heap after GC invocations=10 (full 0):
 PSYoungGen      total 624128K, used 6731K [0x0000000782000000, 0x00000007a8e00000, 0x00000007c0000000)
  eden space 611328K, 0% used [0x0000000782000000,0x0000000782000000,0x00000007a7500000)
  from space 12800K, 52% used [0x00000007a8180000,0x00000007a8812da8,0x00000007a8e00000)
  to   space 12800K, 0% used [0x00000007a7500000,0x00000007a7500000,0x00000007a8180000)
 ParOldGen       total 126976K, used 10505K [0x0000000706000000, 0x000000070dc00000, 0x0000000782000000)
  object space 126976K, 8% used [0x0000000706000000,0x0000000706a42640,0x000000070dc00000)
 Metaspace       used 8942K, capacity 9126K, committed 9344K, reserved 1056768K
  class space    used 1006K, capacity 1075K, committed 1152K, reserved 1048576K
}
Event: 172,728 GC heap before
{Heap before GC invocations=11 (full 0):
 PSYoungGen      total 624128K, used 618059K [0x0000000782000000, 0x00000007a8e00000, 0x00000007c0000000)
  eden space 611328K, 100% used [0x0000000782000000,0x00000007a7500000,0x00000007a7500000)
  from space 12800K, 52% used [0x00000007a8180000,0x00000007a8812da8,0x00000007a8e00000)
  to   space 12800K, 0% used [0x00000007a7500000,0x00000007a7500000,0x00000007a8180000)
 ParOldGen       total 126976K, used 10505K [0x0000000706000000, 0x000000070dc00000, 0x0000000782000000)
  object space 126976K, 8% used [0x0000000706000000,0x0000000706a42640,0x000000070dc00000)
 Metaspace       used 8971K, capacity 9176K, committed 9344K, reserved 1056768K
  class space    used 1011K, capacity 1110K, committed 1152K, reserved 1048576K

